2024-08-02 11:49:06 info: Servidor ejecutándose en el puerto 3000
2024-08-02 11:49:08 info: stock, indices, request fetch controller
2024-08-02 11:49:08 info: data ok
2024-08-02 11:55:32 info: Servidor ejecutándose en el puerto 3000
2024-08-02 11:56:12 info: stock, indices, request fetch controller
2024-08-02 11:56:12 info: data ok
2024-08-02 12:04:31 info: Servidor ejecutándose en el puerto 3000
2024-08-02 12:04:39 info: Servidor ejecutándose en el puerto 3000
2024-08-02 12:04:51 info: Servidor ejecutándose en el puerto 3000
2024-08-02 12:04:55 info: Servidor ejecutándose en el puerto 3000
2024-08-02 12:04:56 info: Servidor ejecutándose en el puerto 3000
2024-08-02 12:05:24 info: stock, indices, request fetch controller
2024-08-02 12:05:24 info: data ok
2024-08-02 12:16:08 info: Servidor ejecutándose en el puerto 3000
2024-08-02 12:16:29 info: Servidor ejecutándose en el puerto 3000
2024-08-02 12:16:37 info: Servidor ejecutándose en el puerto 3000
2024-08-02 12:17:08 info: stock, indices, request fetch controller
2024-08-02 12:20:10 info: Servidor ejecutándose en el puerto 3000
2024-08-02 12:20:14 info: Servidor ejecutándose en el puerto 3000
2024-08-02 12:20:15 info: Servidor ejecutándose en el puerto 3000
2024-08-02 12:20:18 info: Servidor ejecutándose en el puerto 3000
2024-08-02 12:20:37 info: Servidor ejecutándose en el puerto 3000
2024-08-02 12:20:42 info: Servidor ejecutándose en el puerto 3000
2024-08-02 12:21:35 info: Servidor ejecutándose en el puerto 3000
2024-08-02 12:25:22 info: Servidor ejecutándose en el puerto 3000
2024-08-02 12:25:22 info: Conectado a MongoDB
2024-08-02 12:45:27 info: Servidor ejecutándose en el puerto 3000
2024-08-02 12:45:27 info: Conectado a MongoDB
2024-08-02 12:45:42 info: Servidor ejecutándose en el puerto 3000
2024-08-02 12:45:42 info: Conectado a MongoDB
2024-08-02 12:45:46 info: Servidor ejecutándose en el puerto 3000
2024-08-02 12:45:47 info: Conectado a MongoDB
2024-08-02 12:46:02 info: Servidor ejecutándose en el puerto 3000
2024-08-02 12:46:03 info: Conectado a MongoDB
2024-08-02 13:07:08 info: Servidor ejecutándose en el puerto 3000
2024-08-02 13:07:08 info: Conectado a MongoDB
2024-08-02 13:22:00 info: Tarea de actualización de base de datos ejecutada.
2024-08-02 13:22:00 info: economic calendar controller
2024-08-02 13:22:03 info: economic info actualizada
2024-08-02 13:22:59 info: Servidor ejecutándose en el puerto 3000
2024-08-02 13:23:00 info: Conectado a MongoDB
2024-08-02 13:23:02 info: Servidor ejecutándose en el puerto 3000
2024-08-02 13:23:02 info: Conectado a MongoDB
2024-08-02 13:25:00 info: Tarea de actualización de base de datos ejecutada.
2024-08-02 14:09:44 info: Servidor ejecutándose en el puerto 3000
2024-08-02 14:09:45 info: Conectado a MongoDB
2024-08-05 07:46:45 info: Servidor ejecutándose en el puerto 3000
2024-08-05 07:52:23 info: Servidor ejecutándose en el puerto 3000
2024-08-05 07:52:24 info: Conectado a MongoDB
2024-08-05 08:13:03 info: Servidor ejecutándose en el puerto 3000
2024-08-05 08:13:04 info: Conectado a MongoDB
